2025-05-03 10:54:21,977 [Worker-6: Loading available Gradle versions] INFO  o.e.b.c.i.u.g.PublishedGradleVersions - Gradle version information cache is not available. Remote download required.
2025-05-03 22:15:12,993 [Worker-7: Loading available Gradle versions] INFO  o.e.b.c.i.u.g.PublishedGradleVersions - Gradle version information cache is up-to-date. Trying to read.
2025-05-12 13:53:52,266 [Worker-4: Loading available Gradle versions] INFO  o.e.b.c.i.u.g.PublishedGradleVersions - Gradle version information cache is out-of-date. Trying to update.
2025-05-12 18:38:57,313 [Worker-7: Loading available Gradle versions] INFO  o.e.b.c.i.u.g.PublishedGradleVersions - Gradle version information cache is up-to-date. Trying to read.
2025-05-12 18:58:11,373 [Worker-6: Loading available Gradle versions] INFO  o.e.b.c.i.u.g.PublishedGradleVersions - Gradle version information cache is up-to-date. Trying to read.
2025-05-12 18:58:36,589 [Worker-2: Loading available Gradle versions] INFO  o.e.b.c.i.u.g.PublishedGradleVersions - Gradle version information cache is up-to-date. Trying to read.
2025-05-14 11:00:34,177 [Worker-4: Loading available Gradle versions] INFO  o.e.b.c.i.u.g.PublishedGradleVersions - Gradle version information cache is out-of-date. Trying to update.
2025-05-16 11:52:02,884 [Worker-2: Loading available Gradle versions] INFO  o.e.b.c.i.u.g.PublishedGradleVersions - Gradle version information cache is out-of-date. Trying to update.
2025-05-16 12:10:22,905 [main] ERROR o.e.m.j.i.l.MavenLaunchConfigurationListener - Launch configuration Testat1 (1) references non-existing project testat.
org.eclipse.core.runtime.CoreException: Launch configuration Testat1 (1) references non-existing project testat.
	at org.eclipse.jdt.launching.JavaRuntime.abort(JavaRuntime.java:1870)
	at org.eclipse.jdt.launching.JavaRuntime.getJavaProject(JavaRuntime.java:1747)
	at org.eclipse.m2e.jdt.internal.launch.MavenLaunchConfigurationListener.updateLaunchConfiguration(MavenLaunchConfigurationListener.java:66)
	at org.eclipse.m2e.jdt.internal.launch.MavenLaunchConfigurationListener.launchConfigurationChanged(MavenLaunchConfigurationListener.java:52)
	at org.eclipse.debug.internal.core.LaunchManager$ConfigurationNotifier.run(LaunchManager.java:220)
	at org.eclipse.core.runtime.SafeRunner.run(SafeRunner.java:47)
	at org.eclipse.debug.internal.core.LaunchManager$ConfigurationNotifier.notify(LaunchManager.java:204)
	at org.eclipse.debug.internal.core.LaunchConfigurationWorkingCopy.setDirty(LaunchConfigurationWorkingCopy.java:527)
	at org.eclipse.debug.internal.core.LaunchConfigurationWorkingCopy.setAttribute(LaunchConfigurationWorkingCopy.java:415)
	at org.eclipse.jdt.debug.ui.launchConfigurations.JavaMainTab.performApply(JavaMainTab.java:228)
	at org.eclipse.debug.internal.ui.launchConfigurations.LaunchConfigurationTabGroupViewer.refresh(LaunchConfigurationTabGroupViewer.java:528)
	at org.eclipse.debug.internal.ui.launchConfigurations.LaunchConfigurationsDialog.updateButtons(LaunchConfigurationsDialog.java:1640)
	at org.eclipse.debug.ui.AbstractLaunchConfigurationTab.updateLaunchConfigurationDialog(AbstractLaunchConfigurationTab.java:155)
	at org.eclipse.jdt.internal.debug.ui.launcher.AbstractJavaMainTab.access$0(AbstractJavaMainTab.java:1)
	at org.eclipse.jdt.internal.debug.ui.launcher.AbstractJavaMainTab$WidgetListener.modifyText(AbstractJavaMainTab.java:65)
	at org.eclipse.swt.widgets.TypedListener.handleEvent(TypedListener.java:217)
	at org.eclipse.swt.widgets.EventTable.sendEvent(EventTable.java:91)
	at org.eclipse.swt.widgets.Display.sendEvent(Display.java:4321)
	at org.eclipse.swt.widgets.Widget.sendEvent(Widget.java:1208)
	at org.eclipse.swt.widgets.Widget.sendEvent(Widget.java:1232)
	at org.eclipse.swt.widgets.Widget.sendEvent(Widget.java:1213)
	at org.eclipse.swt.widgets.Text.wmCommandChild(Text.java:3077)
	at org.eclipse.swt.widgets.Control.WM_COMMAND(Control.java:4909)
	at org.eclipse.swt.widgets.Control.windowProc(Control.java:4760)
	at org.eclipse.swt.widgets.Display.windowProc(Display.java:5089)
	at org.eclipse.swt.internal.win32.OS.CallWindowProc(Native Method)
	at org.eclipse.swt.widgets.Text.callWindowProc(Text.java:296)
	at org.eclipse.swt.widgets.Control.windowProc(Control.java:4859)
	at org.eclipse.swt.widgets.Text.windowProc(Text.java:2655)
	at org.eclipse.swt.widgets.Display.windowProc(Display.java:5089)
	at org.eclipse.swt.internal.win32.OS.DispatchMessage(Native Method)
	at org.eclipse.swt.widgets.Display.readAndDispatch(Display.java:3705)
	at org.eclipse.jface.window.Window.runEventLoop(Window.java:823)
	at org.eclipse.jface.window.Window.open(Window.java:799)
	at org.eclipse.debug.internal.ui.launchConfigurations.LaunchConfigurationsDialog.open(LaunchConfigurationsDialog.java:1230)
	at org.eclipse.debug.ui.DebugUITools.lambda$1(DebugUITools.java:630)
	at org.eclipse.swt.custom.BusyIndicator.showWhile(BusyIndicator.java:67)
	at org.eclipse.debug.ui.DebugUITools.openLaunchConfigurationDialogOnGroup(DebugUITools.java:636)
	at org.eclipse.debug.ui.DebugUITools.openLaunchConfigurationDialogOnGroup(DebugUITools.java:574)
	at org.eclipse.debug.ui.actions.OpenLaunchDialogAction.run(OpenLaunchDialogAction.java:85)
	at org.eclipse.jface.action.Action.runWithEvent(Action.java:474)
	at org.eclipse.jface.action.ActionContributionItem.handleWidgetSelection(ActionContributionItem.java:581)
	at org.eclipse.jface.action.ActionContributionItem.lambda$4(ActionContributionItem.java:415)
	at org.eclipse.swt.widgets.EventTable.sendEvent(EventTable.java:91)
	at org.eclipse.swt.widgets.Display.sendEvent(Display.java:4321)
	at org.eclipse.swt.widgets.Widget.sendEvent(Widget.java:1208)
	at org.eclipse.swt.widgets.Display.runDeferredEvents(Display.java:4119)
	at org.eclipse.swt.widgets.Display.readAndDispatch(Display.java:3707)
	at org.eclipse.e4.ui.internal.workbench.swt.PartRenderingEngine$5.run(PartRenderingEngine.java:1151)
	at org.eclipse.core.databinding.observable.Realm.runWithDefault(Realm.java:339)
	at org.eclipse.e4.ui.internal.workbench.swt.PartRenderingEngine.run(PartRenderingEngine.java:1042)
	at org.eclipse.e4.ui.internal.workbench.E4Workbench.createAndRunUI(E4Workbench.java:153)
	at org.eclipse.ui.internal.Workbench.lambda$3(Workbench.java:668)
	at org.eclipse.core.databinding.observable.Realm.runWithDefault(Realm.java:339)
	at org.eclipse.ui.internal.Workbench.createAndRunWorkbench(Workbench.java:576)
	at org.eclipse.ui.PlatformUI.createAndRunWorkbench(PlatformUI.java:173)
	at org.eclipse.ui.internal.ide.application.IDEApplication.start(IDEApplication.java:178)
	at org.eclipse.equinox.internal.app.EclipseAppHandle.run(EclipseAppHandle.java:208)
	at org.eclipse.core.runtime.internal.adaptor.EclipseAppLauncher.runApplication(EclipseAppLauncher.java:149)
	at org.eclipse.core.runtime.internal.adaptor.EclipseAppLauncher.start(EclipseAppLauncher.java:115)
	at org.eclipse.core.runtime.adaptor.EclipseStarter.run(EclipseStarter.java:467)
	at org.eclipse.core.runtime.adaptor.EclipseStarter.run(EclipseStarter.java:298)
	at java.base/jdk.internal.reflect.DirectMethodHandleAccessor.invoke(DirectMethodHandleAccessor.java:103)
	at java.base/java.lang.reflect.Method.invoke(Method.java:580)
	at org.eclipse.equinox.launcher.Main.invokeFramework(Main.java:670)
	at org.eclipse.equinox.launcher.Main.basicRun(Main.java:607)
	at org.eclipse.equinox.launcher.Main.run(Main.java:1492)
2025-05-16 12:10:22,912 [main] ERROR o.e.m.j.i.l.MavenLaunchConfigurationListener - Launch configuration Testat1 (1) references non-existing project testat.
org.eclipse.core.runtime.CoreException: Launch configuration Testat1 (1) references non-existing project testat.
	at org.eclipse.jdt.launching.JavaRuntime.abort(JavaRuntime.java:1870)
	at org.eclipse.jdt.launching.JavaRuntime.getJavaProject(JavaRuntime.java:1747)
	at org.eclipse.m2e.jdt.internal.launch.MavenLaunchConfigurationListener.updateLaunchConfiguration(MavenLaunchConfigurationListener.java:66)
	at org.eclipse.m2e.jdt.internal.launch.MavenLaunchConfigurationListener.launchConfigurationChanged(MavenLaunchConfigurationListener.java:52)
	at org.eclipse.debug.internal.core.LaunchManager$ConfigurationNotifier.run(LaunchManager.java:220)
	at org.eclipse.core.runtime.SafeRunner.run(SafeRunner.java:47)
	at org.eclipse.debug.internal.core.LaunchManager$ConfigurationNotifier.notify(LaunchManager.java:204)
	at org.eclipse.debug.internal.core.LaunchConfigurationWorkingCopy.setDirty(LaunchConfigurationWorkingCopy.java:527)
	at org.eclipse.debug.internal.core.LaunchConfigurationWorkingCopy.setAttribute(LaunchConfigurationWorkingCopy.java:415)
	at org.eclipse.jdt.debug.ui.launchConfigurations.JavaMainTab.performApply(JavaMainTab.java:229)
	at org.eclipse.debug.internal.ui.launchConfigurations.LaunchConfigurationTabGroupViewer.refresh(LaunchConfigurationTabGroupViewer.java:528)
	at org.eclipse.debug.internal.ui.launchConfigurations.LaunchConfigurationsDialog.updateButtons(LaunchConfigurationsDialog.java:1640)
	at org.eclipse.debug.ui.AbstractLaunchConfigurationTab.updateLaunchConfigurationDialog(AbstractLaunchConfigurationTab.java:155)
	at org.eclipse.jdt.internal.debug.ui.launcher.AbstractJavaMainTab.access$0(AbstractJavaMainTab.java:1)
	at org.eclipse.jdt.internal.debug.ui.launcher.AbstractJavaMainTab$WidgetListener.modifyText(AbstractJavaMainTab.java:65)
	at org.eclipse.swt.widgets.TypedListener.handleEvent(TypedListener.java:217)
	at org.eclipse.swt.widgets.EventTable.sendEvent(EventTable.java:91)
	at org.eclipse.swt.widgets.Display.sendEvent(Display.java:4321)
	at org.eclipse.swt.widgets.Widget.sendEvent(Widget.java:1208)
	at org.eclipse.swt.widgets.Widget.sendEvent(Widget.java:1232)
	at org.eclipse.swt.widgets.Widget.sendEvent(Widget.java:1213)
	at org.eclipse.swt.widgets.Text.wmCommandChild(Text.java:3077)
	at org.eclipse.swt.widgets.Control.WM_COMMAND(Control.java:4909)
	at org.eclipse.swt.widgets.Control.windowProc(Control.java:4760)
	at org.eclipse.swt.widgets.Display.windowProc(Display.java:5089)
	at org.eclipse.swt.internal.win32.OS.CallWindowProc(Native Method)
	at org.eclipse.swt.widgets.Text.callWindowProc(Text.java:296)
	at org.eclipse.swt.widgets.Control.windowProc(Control.java:4859)
	at org.eclipse.swt.widgets.Text.windowProc(Text.java:2655)
	at org.eclipse.swt.widgets.Display.windowProc(Display.java:5089)
	at org.eclipse.swt.internal.win32.OS.DispatchMessage(Native Method)
	at org.eclipse.swt.widgets.Display.readAndDispatch(Display.java:3705)
	at org.eclipse.jface.window.Window.runEventLoop(Window.java:823)
	at org.eclipse.jface.window.Window.open(Window.java:799)
	at org.eclipse.debug.internal.ui.launchConfigurations.LaunchConfigurationsDialog.open(LaunchConfigurationsDialog.java:1230)
	at org.eclipse.debug.ui.DebugUITools.lambda$1(DebugUITools.java:630)
	at org.eclipse.swt.custom.BusyIndicator.showWhile(BusyIndicator.java:67)
	at org.eclipse.debug.ui.DebugUITools.openLaunchConfigurationDialogOnGroup(DebugUITools.java:636)
	at org.eclipse.debug.ui.DebugUITools.openLaunchConfigurationDialogOnGroup(DebugUITools.java:574)
	at org.eclipse.debug.ui.actions.OpenLaunchDialogAction.run(OpenLaunchDialogAction.java:85)
	at org.eclipse.jface.action.Action.runWithEvent(Action.java:474)
	at org.eclipse.jface.action.ActionContributionItem.handleWidgetSelection(ActionContributionItem.java:581)
	at org.eclipse.jface.action.ActionContributionItem.lambda$4(ActionContributionItem.java:415)
	at org.eclipse.swt.widgets.EventTable.sendEvent(EventTable.java:91)
	at org.eclipse.swt.widgets.Display.sendEvent(Display.java:4321)
	at org.eclipse.swt.widgets.Widget.sendEvent(Widget.java:1208)
	at org.eclipse.swt.widgets.Display.runDeferredEvents(Display.java:4119)
	at org.eclipse.swt.widgets.Display.readAndDispatch(Display.java:3707)
	at org.eclipse.e4.ui.internal.workbench.swt.PartRenderingEngine$5.run(PartRenderingEngine.java:1151)
	at org.eclipse.core.databinding.observable.Realm.runWithDefault(Realm.java:339)
	at org.eclipse.e4.ui.internal.workbench.swt.PartRenderingEngine.run(PartRenderingEngine.java:1042)
	at org.eclipse.e4.ui.internal.workbench.E4Workbench.createAndRunUI(E4Workbench.java:153)
	at org.eclipse.ui.internal.Workbench.lambda$3(Workbench.java:668)
	at org.eclipse.core.databinding.observable.Realm.runWithDefault(Realm.java:339)
	at org.eclipse.ui.internal.Workbench.createAndRunWorkbench(Workbench.java:576)
	at org.eclipse.ui.PlatformUI.createAndRunWorkbench(PlatformUI.java:173)
	at org.eclipse.ui.internal.ide.application.IDEApplication.start(IDEApplication.java:178)
	at org.eclipse.equinox.internal.app.EclipseAppHandle.run(EclipseAppHandle.java:208)
	at org.eclipse.core.runtime.internal.adaptor.EclipseAppLauncher.runApplication(EclipseAppLauncher.java:149)
	at org.eclipse.core.runtime.internal.adaptor.EclipseAppLauncher.start(EclipseAppLauncher.java:115)
	at org.eclipse.core.runtime.adaptor.EclipseStarter.run(EclipseStarter.java:467)
	at org.eclipse.core.runtime.adaptor.EclipseStarter.run(EclipseStarter.java:298)
	at java.base/jdk.internal.reflect.DirectMethodHandleAccessor.invoke(DirectMethodHandleAccessor.java:103)
	at java.base/java.lang.reflect.Method.invoke(Method.java:580)
	at org.eclipse.equinox.launcher.Main.invokeFramework(Main.java:670)
	at org.eclipse.equinox.launcher.Main.basicRun(Main.java:607)
	at org.eclipse.equinox.launcher.Main.run(Main.java:1492)
2025-05-16 12:10:22,914 [main] ERROR o.e.m.j.i.l.MavenLaunchConfigurationListener - Launch configuration Testat1 (1) references non-existing project testat.
org.eclipse.core.runtime.CoreException: Launch configuration Testat1 (1) references non-existing project testat.
	at org.eclipse.jdt.launching.JavaRuntime.abort(JavaRuntime.java:1870)
	at org.eclipse.jdt.launching.JavaRuntime.getJavaProject(JavaRuntime.java:1747)
	at org.eclipse.m2e.jdt.internal.launch.MavenLaunchConfigurationListener.updateLaunchConfiguration(MavenLaunchConfigurationListener.java:66)
	at org.eclipse.m2e.jdt.internal.launch.MavenLaunchConfigurationListener.launchConfigurationChanged(MavenLaunchConfigurationListener.java:52)
	at org.eclipse.debug.internal.core.LaunchManager$ConfigurationNotifier.run(LaunchManager.java:220)
	at org.eclipse.core.runtime.SafeRunner.run(SafeRunner.java:47)
	at org.eclipse.debug.internal.core.LaunchManager$ConfigurationNotifier.notify(LaunchManager.java:204)
	at org.eclipse.debug.internal.core.LaunchConfigurationWorkingCopy.setDirty(LaunchConfigurationWorkingCopy.java:527)
	at org.eclipse.debug.internal.core.LaunchConfigurationWorkingCopy.setAttribute(LaunchConfigurationWorkingCopy.java:415)
	at org.eclipse.jdt.debug.ui.launchConfigurations.JavaMainTab.performApply(JavaMainTab.java:230)
	at org.eclipse.debug.internal.ui.launchConfigurations.LaunchConfigurationTabGroupViewer.refresh(LaunchConfigurationTabGroupViewer.java:528)
	at org.eclipse.debug.internal.ui.launchConfigurations.LaunchConfigurationsDialog.updateButtons(LaunchConfigurationsDialog.java:1640)
	at org.eclipse.debug.ui.AbstractLaunchConfigurationTab.updateLaunchConfigurationDialog(AbstractLaunchConfigurationTab.java:155)
	at org.eclipse.jdt.internal.debug.ui.launcher.AbstractJavaMainTab.access$0(AbstractJavaMainTab.java:1)
	at org.eclipse.jdt.internal.debug.ui.launcher.AbstractJavaMainTab$WidgetListener.modifyText(AbstractJavaMainTab.java:65)
	at org.eclipse.swt.widgets.TypedListener.handleEvent(TypedListener.java:217)
	at org.eclipse.swt.widgets.EventTable.sendEvent(EventTable.java:91)
	at org.eclipse.swt.widgets.Display.sendEvent(Display.java:4321)
	at org.eclipse.swt.widgets.Widget.sendEvent(Widget.java:1208)
	at org.eclipse.swt.widgets.Widget.sendEvent(Widget.java:1232)
	at org.eclipse.swt.widgets.Widget.sendEvent(Widget.java:1213)
	at org.eclipse.swt.widgets.Text.wmCommandChild(Text.java:3077)
	at org.eclipse.swt.widgets.Control.WM_COMMAND(Control.java:4909)
	at org.eclipse.swt.widgets.Control.windowProc(Control.java:4760)
	at org.eclipse.swt.widgets.Display.windowProc(Display.java:5089)
	at org.eclipse.swt.internal.win32.OS.CallWindowProc(Native Method)
	at org.eclipse.swt.widgets.Text.callWindowProc(Text.java:296)
	at org.eclipse.swt.widgets.Control.windowProc(Control.java:4859)
	at org.eclipse.swt.widgets.Text.windowProc(Text.java:2655)
	at org.eclipse.swt.widgets.Display.windowProc(Display.java:5089)
	at org.eclipse.swt.internal.win32.OS.DispatchMessage(Native Method)
	at org.eclipse.swt.widgets.Display.readAndDispatch(Display.java:3705)
	at org.eclipse.jface.window.Window.runEventLoop(Window.java:823)
	at org.eclipse.jface.window.Window.open(Window.java:799)
	at org.eclipse.debug.internal.ui.launchConfigurations.LaunchConfigurationsDialog.open(LaunchConfigurationsDialog.java:1230)
	at org.eclipse.debug.ui.DebugUITools.lambda$1(DebugUITools.java:630)
	at org.eclipse.swt.custom.BusyIndicator.showWhile(BusyIndicator.java:67)
	at org.eclipse.debug.ui.DebugUITools.openLaunchConfigurationDialogOnGroup(DebugUITools.java:636)
	at org.eclipse.debug.ui.DebugUITools.openLaunchConfigurationDialogOnGroup(DebugUITools.java:574)
	at org.eclipse.debug.ui.actions.OpenLaunchDialogAction.run(OpenLaunchDialogAction.java:85)
	at org.eclipse.jface.action.Action.runWithEvent(Action.java:474)
	at org.eclipse.jface.action.ActionContributionItem.handleWidgetSelection(ActionContributionItem.java:581)
	at org.eclipse.jface.action.ActionContributionItem.lambda$4(ActionContributionItem.java:415)
	at org.eclipse.swt.widgets.EventTable.sendEvent(EventTable.java:91)
	at org.eclipse.swt.widgets.Display.sendEvent(Display.java:4321)
	at org.eclipse.swt.widgets.Widget.sendEvent(Widget.java:1208)
	at org.eclipse.swt.widgets.Display.runDeferredEvents(Display.java:4119)
	at org.eclipse.swt.widgets.Display.readAndDispatch(Display.java:3707)
	at org.eclipse.e4.ui.internal.workbench.swt.PartRenderingEngine$5.run(PartRenderingEngine.java:1151)
	at org.eclipse.core.databinding.observable.Realm.runWithDefault(Realm.java:339)
	at org.eclipse.e4.ui.internal.workbench.swt.PartRenderingEngine.run(PartRenderingEngine.java:1042)
	at org.eclipse.e4.ui.internal.workbench.E4Workbench.createAndRunUI(E4Workbench.java:153)
	at org.eclipse.ui.internal.Workbench.lambda$3(Workbench.java:668)
	at org.eclipse.core.databinding.observable.Realm.runWithDefault(Realm.java:339)
	at org.eclipse.ui.internal.Workbench.createAndRunWorkbench(Workbench.java:576)
	at org.eclipse.ui.PlatformUI.createAndRunWorkbench(PlatformUI.java:173)
	at org.eclipse.ui.internal.ide.application.IDEApplication.start(IDEApplication.java:178)
	at org.eclipse.equinox.internal.app.EclipseAppHandle.run(EclipseAppHandle.java:208)
	at org.eclipse.core.runtime.internal.adaptor.EclipseAppLauncher.runApplication(EclipseAppLauncher.java:149)
	at org.eclipse.core.runtime.internal.adaptor.EclipseAppLauncher.start(EclipseAppLauncher.java:115)
	at org.eclipse.core.runtime.adaptor.EclipseStarter.run(EclipseStarter.java:467)
	at org.eclipse.core.runtime.adaptor.EclipseStarter.run(EclipseStarter.java:298)
	at java.base/jdk.internal.reflect.DirectMethodHandleAccessor.invoke(DirectMethodHandleAccessor.java:103)
	at java.base/java.lang.reflect.Method.invoke(Method.java:580)
	at org.eclipse.equinox.launcher.Main.invokeFramework(Main.java:670)
	at org.eclipse.equinox.launcher.Main.basicRun(Main.java:607)
	at org.eclipse.equinox.launcher.Main.run(Main.java:1492)
2025-05-16 12:10:22,915 [main] ERROR o.e.m.j.i.l.MavenLaunchConfigurationListener - Launch configuration Testat1 (1) references non-existing project testat.
org.eclipse.core.runtime.CoreException: Launch configuration Testat1 (1) references non-existing project testat.
	at org.eclipse.jdt.launching.JavaRuntime.abort(JavaRuntime.java:1870)
	at org.eclipse.jdt.launching.JavaRuntime.getJavaProject(JavaRuntime.java:1747)
	at org.eclipse.m2e.jdt.internal.launch.MavenLaunchConfigurationListener.updateLaunchConfiguration(MavenLaunchConfigurationListener.java:66)
	at org.eclipse.m2e.jdt.internal.launch.MavenLaunchConfigurationListener.launchConfigurationChanged(MavenLaunchConfigurationListener.java:52)
	at org.eclipse.debug.internal.core.LaunchManager$ConfigurationNotifier.run(LaunchManager.java:220)
	at org.eclipse.core.runtime.SafeRunner.run(SafeRunner.java:47)
	at org.eclipse.debug.internal.core.LaunchManager$ConfigurationNotifier.notify(LaunchManager.java:204)
	at org.eclipse.debug.internal.core.LaunchConfigurationWorkingCopy.setDirty(LaunchConfigurationWorkingCopy.java:527)
	at org.eclipse.debug.internal.core.LaunchConfigurationWorkingCopy.setAttribute(LaunchConfigurationWorkingCopy.java:415)
	at org.eclipse.jdt.debug.ui.launchConfigurations.JavaMainTab.performApply(JavaMainTab.java:238)
	at org.eclipse.debug.internal.ui.launchConfigurations.LaunchConfigurationTabGroupViewer.refresh(LaunchConfigurationTabGroupViewer.java:528)
	at org.eclipse.debug.internal.ui.launchConfigurations.LaunchConfigurationsDialog.updateButtons(LaunchConfigurationsDialog.java:1640)
	at org.eclipse.debug.ui.AbstractLaunchConfigurationTab.updateLaunchConfigurationDialog(AbstractLaunchConfigurationTab.java:155)
	at org.eclipse.jdt.internal.debug.ui.launcher.AbstractJavaMainTab.access$0(AbstractJavaMainTab.java:1)
	at org.eclipse.jdt.internal.debug.ui.launcher.AbstractJavaMainTab$WidgetListener.modifyText(AbstractJavaMainTab.java:65)
	at org.eclipse.swt.widgets.TypedListener.handleEvent(TypedListener.java:217)
	at org.eclipse.swt.widgets.EventTable.sendEvent(EventTable.java:91)
	at org.eclipse.swt.widgets.Display.sendEvent(Display.java:4321)
	at org.eclipse.swt.widgets.Widget.sendEvent(Widget.java:1208)
	at org.eclipse.swt.widgets.Widget.sendEvent(Widget.java:1232)
	at org.eclipse.swt.widgets.Widget.sendEvent(Widget.java:1213)
	at org.eclipse.swt.widgets.Text.wmCommandChild(Text.java:3077)
	at org.eclipse.swt.widgets.Control.WM_COMMAND(Control.java:4909)
	at org.eclipse.swt.widgets.Control.windowProc(Control.java:4760)
	at org.eclipse.swt.widgets.Display.windowProc(Display.java:5089)
	at org.eclipse.swt.internal.win32.OS.CallWindowProc(Native Method)
	at org.eclipse.swt.widgets.Text.callWindowProc(Text.java:296)
	at org.eclipse.swt.widgets.Control.windowProc(Control.java:4859)
	at org.eclipse.swt.widgets.Text.windowProc(Text.java:2655)
	at org.eclipse.swt.widgets.Display.windowProc(Display.java:5089)
	at org.eclipse.swt.internal.win32.OS.DispatchMessage(Native Method)
	at org.eclipse.swt.widgets.Display.readAndDispatch(Display.java:3705)
	at org.eclipse.jface.window.Window.runEventLoop(Window.java:823)
	at org.eclipse.jface.window.Window.open(Window.java:799)
	at org.eclipse.debug.internal.ui.launchConfigurations.LaunchConfigurationsDialog.open(LaunchConfigurationsDialog.java:1230)
	at org.eclipse.debug.ui.DebugUITools.lambda$1(DebugUITools.java:630)
	at org.eclipse.swt.custom.BusyIndicator.showWhile(BusyIndicator.java:67)
	at org.eclipse.debug.ui.DebugUITools.openLaunchConfigurationDialogOnGroup(DebugUITools.java:636)
	at org.eclipse.debug.ui.DebugUITools.openLaunchConfigurationDialogOnGroup(DebugUITools.java:574)
	at org.eclipse.debug.ui.actions.OpenLaunchDialogAction.run(OpenLaunchDialogAction.java:85)
	at org.eclipse.jface.action.Action.runWithEvent(Action.java:474)
	at org.eclipse.jface.action.ActionContributionItem.handleWidgetSelection(ActionContributionItem.java:581)
	at org.eclipse.jface.action.ActionContributionItem.lambda$4(ActionContributionItem.java:415)
	at org.eclipse.swt.widgets.EventTable.sendEvent(EventTable.java:91)
	at org.eclipse.swt.widgets.Display.sendEvent(Display.java:4321)
	at org.eclipse.swt.widgets.Widget.sendEvent(Widget.java:1208)
	at org.eclipse.swt.widgets.Display.runDeferredEvents(Display.java:4119)
	at org.eclipse.swt.widgets.Display.readAndDispatch(Display.java:3707)
	at org.eclipse.e4.ui.internal.workbench.swt.PartRenderingEngine$5.run(PartRenderingEngine.java:1151)
	at org.eclipse.core.databinding.observable.Realm.runWithDefault(Realm.java:339)
	at org.eclipse.e4.ui.internal.workbench.swt.PartRenderingEngine.run(PartRenderingEngine.java:1042)
	at org.eclipse.e4.ui.internal.workbench.E4Workbench.createAndRunUI(E4Workbench.java:153)
	at org.eclipse.ui.internal.Workbench.lambda$3(Workbench.java:668)
	at org.eclipse.core.databinding.observable.Realm.runWithDefault(Realm.java:339)
	at org.eclipse.ui.internal.Workbench.createAndRunWorkbench(Workbench.java:576)
	at org.eclipse.ui.PlatformUI.createAndRunWorkbench(PlatformUI.java:173)
	at org.eclipse.ui.internal.ide.application.IDEApplication.start(IDEApplication.java:178)
	at org.eclipse.equinox.internal.app.EclipseAppHandle.run(EclipseAppHandle.java:208)
	at org.eclipse.core.runtime.internal.adaptor.EclipseAppLauncher.runApplication(EclipseAppLauncher.java:149)
	at org.eclipse.core.runtime.internal.adaptor.EclipseAppLauncher.start(EclipseAppLauncher.java:115)
	at org.eclipse.core.runtime.adaptor.EclipseStarter.run(EclipseStarter.java:467)
	at org.eclipse.core.runtime.adaptor.EclipseStarter.run(EclipseStarter.java:298)
	at java.base/jdk.internal.reflect.DirectMethodHandleAccessor.invoke(DirectMethodHandleAccessor.java:103)
	at java.base/java.lang.reflect.Method.invoke(Method.java:580)
	at org.eclipse.equinox.launcher.Main.invokeFramework(Main.java:670)
	at org.eclipse.equinox.launcher.Main.basicRun(Main.java:607)
	at org.eclipse.equinox.launcher.Main.run(Main.java:1492)
2025-05-16 12:10:22,915 [main] ERROR o.e.m.j.i.l.MavenLaunchConfigurationListener - Launch configuration Testat1 (1) references non-existing project testat.
org.eclipse.core.runtime.CoreException: Launch configuration Testat1 (1) references non-existing project testat.
	at org.eclipse.jdt.launching.JavaRuntime.abort(JavaRuntime.java:1870)
	at org.eclipse.jdt.launching.JavaRuntime.getJavaProject(JavaRuntime.java:1747)
	at org.eclipse.m2e.jdt.internal.launch.MavenLaunchConfigurationListener.updateLaunchConfiguration(MavenLaunchConfigurationListener.java:66)
	at org.eclipse.m2e.jdt.internal.launch.MavenLaunchConfigurationListener.launchConfigurationChanged(MavenLaunchConfigurationListener.java:52)
	at org.eclipse.debug.internal.core.LaunchManager$ConfigurationNotifier.run(LaunchManager.java:220)
	at org.eclipse.core.runtime.SafeRunner.run(SafeRunner.java:47)
	at org.eclipse.debug.internal.core.LaunchManager$ConfigurationNotifier.notify(LaunchManager.java:204)
	at org.eclipse.debug.internal.core.LaunchConfigurationWorkingCopy.setDirty(LaunchConfigurationWorkingCopy.java:527)
	at org.eclipse.debug.internal.core.LaunchConfigurationWorkingCopy.setAttribute(LaunchConfigurationWorkingCopy.java:415)
	at org.eclipse.jdt.debug.ui.launchConfigurations.JavaMainTab.performApply(JavaMainTab.java:246)
	at org.eclipse.debug.internal.ui.launchConfigurations.LaunchConfigurationTabGroupViewer.refresh(LaunchConfigurationTabGroupViewer.java:528)
	at org.eclipse.debug.internal.ui.launchConfigurations.LaunchConfigurationsDialog.updateButtons(LaunchConfigurationsDialog.java:1640)
	at org.eclipse.debug.ui.AbstractLaunchConfigurationTab.updateLaunchConfigurationDialog(AbstractLaunchConfigurationTab.java:155)
	at org.eclipse.jdt.internal.debug.ui.launcher.AbstractJavaMainTab.access$0(AbstractJavaMainTab.java:1)
	at org.eclipse.jdt.internal.debug.ui.launcher.AbstractJavaMainTab$WidgetListener.modifyText(AbstractJavaMainTab.java:65)
	at org.eclipse.swt.widgets.TypedListener.handleEvent(TypedListener.java:217)
	at org.eclipse.swt.widgets.EventTable.sendEvent(EventTable.java:91)
	at org.eclipse.swt.widgets.Display.sendEvent(Display.java:4321)
	at org.eclipse.swt.widgets.Widget.sendEvent(Widget.java:1208)
	at org.eclipse.swt.widgets.Widget.sendEvent(Widget.java:1232)
	at org.eclipse.swt.widgets.Widget.sendEvent(Widget.java:1213)
	at org.eclipse.swt.widgets.Text.wmCommandChild(Text.java:3077)
	at org.eclipse.swt.widgets.Control.WM_COMMAND(Control.java:4909)
	at org.eclipse.swt.widgets.Control.windowProc(Control.java:4760)
	at org.eclipse.swt.widgets.Display.windowProc(Display.java:5089)
	at org.eclipse.swt.internal.win32.OS.CallWindowProc(Native Method)
	at org.eclipse.swt.widgets.Text.callWindowProc(Text.java:296)
	at org.eclipse.swt.widgets.Control.windowProc(Control.java:4859)
	at org.eclipse.swt.widgets.Text.windowProc(Text.java:2655)
	at org.eclipse.swt.widgets.Display.windowProc(Display.java:5089)
	at org.eclipse.swt.internal.win32.OS.DispatchMessage(Native Method)
	at org.eclipse.swt.widgets.Display.readAndDispatch(Display.java:3705)
	at org.eclipse.jface.window.Window.runEventLoop(Window.java:823)
	at org.eclipse.jface.window.Window.open(Window.java:799)
	at org.eclipse.debug.internal.ui.launchConfigurations.LaunchConfigurationsDialog.open(LaunchConfigurationsDialog.java:1230)
	at org.eclipse.debug.ui.DebugUITools.lambda$1(DebugUITools.java:630)
	at org.eclipse.swt.custom.BusyIndicator.showWhile(BusyIndicator.java:67)
	at org.eclipse.debug.ui.DebugUITools.openLaunchConfigurationDialogOnGroup(DebugUITools.java:636)
	at org.eclipse.debug.ui.DebugUITools.openLaunchConfigurationDialogOnGroup(DebugUITools.java:574)
	at org.eclipse.debug.ui.actions.OpenLaunchDialogAction.run(OpenLaunchDialogAction.java:85)
	at org.eclipse.jface.action.Action.runWithEvent(Action.java:474)
	at org.eclipse.jface.action.ActionContributionItem.handleWidgetSelection(ActionContributionItem.java:581)
	at org.eclipse.jface.action.ActionContributionItem.lambda$4(ActionContributionItem.java:415)
	at org.eclipse.swt.widgets.EventTable.sendEvent(EventTable.java:91)
	at org.eclipse.swt.widgets.Display.sendEvent(Display.java:4321)
	at org.eclipse.swt.widgets.Widget.sendEvent(Widget.java:1208)
	at org.eclipse.swt.widgets.Display.runDeferredEvents(Display.java:4119)
	at org.eclipse.swt.widgets.Display.readAndDispatch(Display.java:3707)
	at org.eclipse.e4.ui.internal.workbench.swt.PartRenderingEngine$5.run(PartRenderingEngine.java:1151)
	at org.eclipse.core.databinding.observable.Realm.runWithDefault(Realm.java:339)
	at org.eclipse.e4.ui.internal.workbench.swt.PartRenderingEngine.run(PartRenderingEngine.java:1042)
	at org.eclipse.e4.ui.internal.workbench.E4Workbench.createAndRunUI(E4Workbench.java:153)
	at org.eclipse.ui.internal.Workbench.lambda$3(Workbench.java:668)
	at org.eclipse.core.databinding.observable.Realm.runWithDefault(Realm.java:339)
	at org.eclipse.ui.internal.Workbench.createAndRunWorkbench(Workbench.java:576)
	at org.eclipse.ui.PlatformUI.createAndRunWorkbench(PlatformUI.java:173)
	at org.eclipse.ui.internal.ide.application.IDEApplication.start(IDEApplication.java:178)
	at org.eclipse.equinox.internal.app.EclipseAppHandle.run(EclipseAppHandle.java:208)
	at org.eclipse.core.runtime.internal.adaptor.EclipseAppLauncher.runApplication(EclipseAppLauncher.java:149)
	at org.eclipse.core.runtime.internal.adaptor.EclipseAppLauncher.start(EclipseAppLauncher.java:115)
	at org.eclipse.core.runtime.adaptor.EclipseStarter.run(EclipseStarter.java:467)
	at org.eclipse.core.runtime.adaptor.EclipseStarter.run(EclipseStarter.java:298)
	at java.base/jdk.internal.reflect.DirectMethodHandleAccessor.invoke(DirectMethodHandleAccessor.java:103)
	at java.base/java.lang.reflect.Method.invoke(Method.java:580)
	at org.eclipse.equinox.launcher.Main.invokeFramework(Main.java:670)
	at org.eclipse.equinox.launcher.Main.basicRun(Main.java:607)
	at org.eclipse.equinox.launcher.Main.run(Main.java:1492)
2025-05-16 12:10:22,916 [main] ERROR o.e.m.j.i.l.MavenLaunchConfigurationListener - Launch configuration Testat1 (1) references non-existing project testat.
org.eclipse.core.runtime.CoreException: Launch configuration Testat1 (1) references non-existing project testat.
	at org.eclipse.jdt.launching.JavaRuntime.abort(JavaRuntime.java:1870)
	at org.eclipse.jdt.launching.JavaRuntime.getJavaProject(JavaRuntime.java:1747)
	at org.eclipse.m2e.jdt.internal.launch.MavenLaunchConfigurationListener.updateLaunchConfiguration(MavenLaunchConfigurationListener.java:66)
	at org.eclipse.m2e.jdt.internal.launch.MavenLaunchConfigurationListener.launchConfigurationChanged(MavenLaunchConfigurationListener.java:52)
	at org.eclipse.debug.internal.core.LaunchManager$ConfigurationNotifier.run(LaunchManager.java:220)
	at org.eclipse.core.runtime.SafeRunner.run(SafeRunner.java:47)
	at org.eclipse.debug.internal.core.LaunchManager$ConfigurationNotifier.notify(LaunchManager.java:204)
	at org.eclipse.debug.internal.core.LaunchConfigurationWorkingCopy.setDirty(LaunchConfigurationWorkingCopy.java:527)
	at org.eclipse.debug.internal.core.LaunchConfigurationWorkingCopy.setAttribute(LaunchConfigurationWorkingCopy.java:415)
	at org.eclipse.jdt.debug.ui.launchConfigurations.JavaMainTab.performApply(JavaMainTab.java:254)
	at org.eclipse.debug.internal.ui.launchConfigurations.LaunchConfigurationTabGroupViewer.refresh(LaunchConfigurationTabGroupViewer.java:528)
	at org.eclipse.debug.internal.ui.launchConfigurations.LaunchConfigurationsDialog.updateButtons(LaunchConfigurationsDialog.java:1640)
	at org.eclipse.debug.ui.AbstractLaunchConfigurationTab.updateLaunchConfigurationDialog(AbstractLaunchConfigurationTab.java:155)
	at org.eclipse.jdt.internal.debug.ui.launcher.AbstractJavaMainTab.access$0(AbstractJavaMainTab.java:1)
	at org.eclipse.jdt.internal.debug.ui.launcher.AbstractJavaMainTab$WidgetListener.modifyText(AbstractJavaMainTab.java:65)
	at org.eclipse.swt.widgets.TypedListener.handleEvent(TypedListener.java:217)
	at org.eclipse.swt.widgets.EventTable.sendEvent(EventTable.java:91)
	at org.eclipse.swt.widgets.Display.sendEvent(Display.java:4321)
	at org.eclipse.swt.widgets.Widget.sendEvent(Widget.java:1208)
	at org.eclipse.swt.widgets.Widget.sendEvent(Widget.java:1232)
	at org.eclipse.swt.widgets.Widget.sendEvent(Widget.java:1213)
	at org.eclipse.swt.widgets.Text.wmCommandChild(Text.java:3077)
	at org.eclipse.swt.widgets.Control.WM_COMMAND(Control.java:4909)
	at org.eclipse.swt.widgets.Control.windowProc(Control.java:4760)
	at org.eclipse.swt.widgets.Display.windowProc(Display.java:5089)
	at org.eclipse.swt.internal.win32.OS.CallWindowProc(Native Method)
	at org.eclipse.swt.widgets.Text.callWindowProc(Text.java:296)
	at org.eclipse.swt.widgets.Control.windowProc(Control.java:4859)
	at org.eclipse.swt.widgets.Text.windowProc(Text.java:2655)
	at org.eclipse.swt.widgets.Display.windowProc(Display.java:5089)
	at org.eclipse.swt.internal.win32.OS.DispatchMessage(Native Method)
	at org.eclipse.swt.widgets.Display.readAndDispatch(Display.java:3705)
	at org.eclipse.jface.window.Window.runEventLoop(Window.java:823)
	at org.eclipse.jface.window.Window.open(Window.java:799)
	at org.eclipse.debug.internal.ui.launchConfigurations.LaunchConfigurationsDialog.open(LaunchConfigurationsDialog.java:1230)
	at org.eclipse.debug.ui.DebugUITools.lambda$1(DebugUITools.java:630)
	at org.eclipse.swt.custom.BusyIndicator.showWhile(BusyIndicator.java:67)
	at org.eclipse.debug.ui.DebugUITools.openLaunchConfigurationDialogOnGroup(DebugUITools.java:636)
	at org.eclipse.debug.ui.DebugUITools.openLaunchConfigurationDialogOnGroup(DebugUITools.java:574)
	at org.eclipse.debug.ui.actions.OpenLaunchDialogAction.run(OpenLaunchDialogAction.java:85)
	at org.eclipse.jface.action.Action.runWithEvent(Action.java:474)
	at org.eclipse.jface.action.ActionContributionItem.handleWidgetSelection(ActionContributionItem.java:581)
	at org.eclipse.jface.action.ActionContributionItem.lambda$4(ActionContributionItem.java:415)
	at org.eclipse.swt.widgets.EventTable.sendEvent(EventTable.java:91)
	at org.eclipse.swt.widgets.Display.sendEvent(Display.java:4321)
	at org.eclipse.swt.widgets.Widget.sendEvent(Widget.java:1208)
	at org.eclipse.swt.widgets.Display.runDeferredEvents(Display.java:4119)
	at org.eclipse.swt.widgets.Display.readAndDispatch(Display.java:3707)
	at org.eclipse.e4.ui.internal.workbench.swt.PartRenderingEngine$5.run(PartRenderingEngine.java:1151)
	at org.eclipse.core.databinding.observable.Realm.runWithDefault(Realm.java:339)
	at org.eclipse.e4.ui.internal.workbench.swt.PartRenderingEngine.run(PartRenderingEngine.java:1042)
	at org.eclipse.e4.ui.internal.workbench.E4Workbench.createAndRunUI(E4Workbench.java:153)
	at org.eclipse.ui.internal.Workbench.lambda$3(Workbench.java:668)
	at org.eclipse.core.databinding.observable.Realm.runWithDefault(Realm.java:339)
	at org.eclipse.ui.internal.Workbench.createAndRunWorkbench(Workbench.java:576)
	at org.eclipse.ui.PlatformUI.createAndRunWorkbench(PlatformUI.java:173)
	at org.eclipse.ui.internal.ide.application.IDEApplication.start(IDEApplication.java:178)
	at org.eclipse.equinox.internal.app.EclipseAppHandle.run(EclipseAppHandle.java:208)
	at org.eclipse.core.runtime.internal.adaptor.EclipseAppLauncher.runApplication(EclipseAppLauncher.java:149)
	at org.eclipse.core.runtime.internal.adaptor.EclipseAppLauncher.start(EclipseAppLauncher.java:115)
	at org.eclipse.core.runtime.adaptor.EclipseStarter.run(EclipseStarter.java:467)
	at org.eclipse.core.runtime.adaptor.EclipseStarter.run(EclipseStarter.java:298)
	at java.base/jdk.internal.reflect.DirectMethodHandleAccessor.invoke(DirectMethodHandleAccessor.java:103)
	at java.base/java.lang.reflect.Method.invoke(Method.java:580)
	at org.eclipse.equinox.launcher.Main.invokeFramework(Main.java:670)
	at org.eclipse.equinox.launcher.Main.basicRun(Main.java:607)
	at org.eclipse.equinox.launcher.Main.run(Main.java:1492)
